<?xml version="1.0" encoding="UTF-8"?>
<testsuite xmlns:xsi="http://www.w3.org/2001/XMLSchema-instance" xsi:noNamespaceSchemaLocation="https://maven.apache.org/surefire/maven-surefire-plugin/xsd/surefire-test-report-3.0.xsd" version="3.0" name="PenTest" time="0.649" tests="20" errors="0" skipped="0" failures="8">
  <properties>
    <property name="java.specification.version" value="14"/>
    <property name="sun.cpu.isalist" value="amd64"/>
    <property name="sun.jnu.encoding" value="Cp1251"/>
    <property name="java.class.path" value="C:\AutolabProject\FirstTask\target\test-classes;C:\AutolabProject\FirstTask\target\classes;C:\Users\Vladimir\.m2\repository\org\testng\testng\7.4.0\testng-7.4.0.jar;C:\Users\Vladimir\.m2\repository\com\beust\jcommander\1.78\jcommander-1.78.jar;C:\Users\Vladimir\.m2\repository\org\webjars\jquery\3.5.1\jquery-3.5.1.jar;"/>
    <property name="java.vm.vendor" value="Oracle Corporation"/>
    <property name="sun.arch.data.model" value="64"/>
    <property name="user.variant" value=""/>
    <property name="java.vendor.url" value="https://java.oracle.com/"/>
    <property name="user.timezone" value="Europe/Moscow"/>
    <property name="user.country.format" value="BY"/>
    <property name="os.name" value="Windows 10"/>
    <property name="java.vm.specification.version" value="14"/>
    <property name="sun.java.launcher" value="SUN_STANDARD"/>
    <property name="user.country" value="RU"/>
    <property name="sun.boot.library.path" value="C:\Users\Vladimir\.jdks\openjdk-14.0.2\bin"/>
    <property name="sun.java.command" value="C:\Users\Vladimir\AppData\Local\Temp\surefire2344922510678889690\surefirebooter4830638501949282722.jar C:\Users\Vladimir\AppData\Local\Temp\surefire2344922510678889690 2021-04-25T14-12-27_395-jvmRun1 surefire2092097478060915689tmp surefire_012016225828395464977tmp"/>
    <property name="jdk.debug" value="release"/>
    <property name="surefire.test.class.path" value="C:\AutolabProject\FirstTask\target\test-classes;C:\AutolabProject\FirstTask\target\classes;C:\Users\Vladimir\.m2\repository\org\testng\testng\7.4.0\testng-7.4.0.jar;C:\Users\Vladimir\.m2\repository\com\beust\jcommander\1.78\jcommander-1.78.jar;C:\Users\Vladimir\.m2\repository\org\webjars\jquery\3.5.1\jquery-3.5.1.jar;"/>
    <property name="sun.cpu.endian" value="little"/>
    <property name="user.home" value="C:\Users\Vladimir"/>
    <property name="user.language" value="ru"/>
    <property name="java.specification.vendor" value="Oracle Corporation"/>
    <property name="java.version.date" value="2020-07-14"/>
    <property name="java.home" value="C:\Users\Vladimir\.jdks\openjdk-14.0.2"/>
    <property name="file.separator" value="\"/>
    <property name="basedir" value="C:\AutolabProject\FirstTask"/>
    <property name="java.vm.compressedOopsMode" value="32-bit"/>
    <property name="line.separator" value="&#10;"/>
    <property name="java.vm.specification.vendor" value="Oracle Corporation"/>
    <property name="java.specification.name" value="Java Platform API Specification"/>
    <property name="surefire.real.class.path" value="C:\Users\Vladimir\AppData\Local\Temp\surefire2344922510678889690\surefirebooter4830638501949282722.jar"/>
    <property name="user.script" value=""/>
    <property name="sun.management.compiler" value="HotSpot 64-Bit Tiered Compilers"/>
    <property name="java.runtime.version" value="14.0.2+12-46"/>
    <property name="user.name" value="Vladimir"/>
    <property name="path.separator" value=";"/>
    <property name="os.version" value="10.0"/>
    <property name="java.runtime.name" value="OpenJDK Runtime Environment"/>
    <property name="file.encoding" value="Cp1251"/>
    <property name="java.vm.name" value="OpenJDK 64-Bit Server VM"/>
    <property name="localRepository" value="C:\Users\Vladimir\.m2\repository"/>
    <property name="java.vendor.url.bug" value="https://bugreport.java.com/bugreport/"/>
    <property name="java.io.tmpdir" value="C:\Users\Vladimir\AppData\Local\Temp\"/>
    <property name="java.version" value="14.0.2"/>
    <property name="user.dir" value="C:\AutolabProject\FirstTask"/>
    <property name="os.arch" value="amd64"/>
    <property name="java.vm.specification.name" value="Java Virtual Machine Specification"/>
    <property name="sun.os.patch.level" value=""/>
    <property name="java.library.path" value="C:\Users\Vladimir\.jdks\openjdk-14.0.2\bin;C:\Windows\Sun\Java\bin;C:\Windows\system32;C:\Windows;C:\Program Files (x86)\Intel\iCLS Client\;C:\Program Files\Intel\iCLS Client\;C:\Windows\system32;C:\Windows;C:\Windows\System32\Wbem;C:\Windows\System32\WindowsPowerShell\v1.0\;C:\Windows\System32\OpenSSH\;C:\Program Files (x86)\Intel\Intel(R) Management Engine Components\DAL;C:\Program Files\Intel\Intel(R) Management Engine Components\DAL;C:\Program Files (x86)\Intel\Intel(R) Management Engine Components\IPT;C:\Program Files\Intel\Intel(R) Management Engine Components\IPT;C:\IdeaTools\platform-tools_r30.0.4-windows\platform-tools;C:\Users\Vladimir\AppData\Local\Android\Sdk;C:\Users\Vladimir\.jdks\openjdk-14.0.2;C:\Users\Vladimir\.jdks\openjdk-14.0.2\bin\;C:\Program Files\Git\cmd;C:\Program Files\Intel\WiFi\bin\;C:\Program Files\Common Files\Intel\WirelessCommon\;C:\AutolabProject\Maven\apache-maven-3.8.1\bin;C:\Users\Vladimir\scoop\shims;C:\Users\Vladimir\AppData\Local\Microsoft\WindowsApps;C:\Users\Vladimir\AppData\Local\Programs\Fiddler;C:\Program Files\JetBrains\IntelliJ IDEA Community Edition 2020.2\bin;;."/>
    <property name="java.vm.info" value="mixed mode, sharing"/>
    <property name="java.vendor" value="Oracle Corporation"/>
    <property name="java.vm.version" value="14.0.2+12-46"/>
    <property name="sun.io.unicode.encoding" value="UnicodeLittle"/>
    <property name="java.class.version" value="58.0"/>
  </properties>
  <testcase name="testDosomethingElsePrint" classname="PenTest" time="0"/>
  <testcase name="testIsWork[10000, 1.0](1)" classname="PenTest" time="0.016"/>
  <testcase name="testIsWork[0, 0.0](2)" classname="PenTest" time="0.006">
    <failure message="expected [true] but found [false]" type="java.lang.AssertionError"><![CDATA[java.lang.AssertionError: expected [true] but found [false]
	at PenTest.testIsWork(PenTest.java:58)
]]></failure>
  </testcase>
  <testcase name="testIsWork[1, 2.0](3)" classname="PenTest" time="0"/>
  <testcase name="testIsWork[-1, 1.0](4)" classname="PenTest" time="0">
    <failure message="expected [true] but found [false]" type="java.lang.AssertionError"><![CDATA[java.lang.AssertionError: expected [true] but found [false]
	at PenTest.testIsWork(PenTest.java:58)
]]></failure>
  </testcase>
  <testcase name="testIsWork[1, 0.5](5)" classname="PenTest" time="0"/>
  <testcase name="testWrite[Work, 1.0, 10000, Work](1)" classname="PenTest" time="0"/>
  <testcase name="testWrite[Work, 2.0, 1000, Work](2)" classname="PenTest" time="0"/>
  <testcase name="testWrite[Work, 3.0, 15, Work](3)" classname="PenTest" time="0"/>
  <testcase name="testWrite[Work, 3.0, 11, Wor](4)" classname="PenTest" time="0">
    <failure message="begin 0, end 11, length 4" type="java.lang.StringIndexOutOfBoundsException"><![CDATA[java.lang.StringIndexOutOfBoundsException: begin 0, end 11, length 4
	at PenTest.testWrite(PenTest.java:73)
]]></failure>
  </testcase>
  <testcase name="testWrite[Work, 1.0, 0, ](5)" classname="PenTest" time="0"/>
  <testcase name="testWrite[Work is done, 1.0, 0, ](6)" classname="PenTest" time="0"/>
  <testcase name="testWrite[, 1.0, 0, ](7)" classname="PenTest" time="0"/>
  <testcase name="testWrite[Work, 1.2, 24, Work](8)" classname="PenTest" time="0"/>
  <testcase name="testWrite[Work, 1.2, 24, Work](9)" classname="PenTest" time="0"/>
  <testcase name="testWrite[Work at Home, 2.0, 20, Work at Home](10)" classname="PenTest" time="0">
    <failure message="begin 0, end 20, length 12" type="java.lang.StringIndexOutOfBoundsException"><![CDATA[java.lang.StringIndexOutOfBoundsException: begin 0, end 20, length 12
	at PenTest.testWrite(PenTest.java:73)
]]></failure>
  </testcase>
  <testcase name="testWrite[Work , 2.0, 20, Work](11)" classname="PenTest" time="0">
    <failure message="expected [Work] but found [Work ]" type="java.lang.AssertionError"><![CDATA[java.lang.AssertionError: expected [Work] but found [Work ]
	at PenTest.testWrite(PenTest.java:73)
]]></failure>
  </testcase>
  <testcase name="testWrite[ Work , 2.0, 10, Work](12)" classname="PenTest" time="0">
    <failure message="begin 0, end 10, length 6" type="java.lang.StringIndexOutOfBoundsException"><![CDATA[java.lang.StringIndexOutOfBoundsException: begin 0, end 10, length 6
	at PenTest.testWrite(PenTest.java:73)
]]></failure>
  </testcase>
  <testcase name="testWrite[Work, 0.0, 20, ](13)" classname="PenTest" time="0">
    <failure message="expected [] but found [Work]" type="java.lang.AssertionError"><![CDATA[java.lang.AssertionError: expected [] but found [Work]
	at PenTest.testWrite(PenTest.java:73)
]]></failure>
  </testcase>
  <testcase name="testgetColor" classname="PenTest" time="0">
    <failure message="expected [Blue] but found [BLUE]" type="java.lang.AssertionError"><![CDATA[java.lang.AssertionError: expected [Blue] but found [BLUE]
	at PenTest.testgetColor(PenTest.java:67)
]]></failure>
  </testcase>
</testsuite>